0 info it worked if it ends with ok
1 verbose cli [ 'C:\\Program Files (x86)\\nodejs\\\\node.exe',
1 verbose cli   'C:\\Program Files (x86)\\nodejs\\node_modules\\npm\\bin\\npm-cli.js',
1 verbose cli   'run',
1 verbose cli   'build' ]
2 info using npm@2.5.1
3 info using node@v0.12.0
4 verbose node symlink C:\Program Files (x86)\nodejs\\node.exe
5 verbose run-script [ 'prebuild', 'build', 'postbuild' ]
6 info prebuild es6-library-minimal@0.1.2
7 info build es6-library-minimal@0.1.2
8 verbose unsafe-perm in lifecycle true
9 info es6-library-minimal@0.1.2 Failed to exec build script
10 verbose stack Error: es6-library-minimal@0.1.2 build: `gulp build`
10 verbose stack Exit status 1
10 verbose stack     at EventEmitter.<anonymous> (C:\Program Files (x86)\nodejs\node_modules\npm\lib\utils\lifecycle.js:213:16)
10 verbose stack     at EventEmitter.emit (events.js:110:17)
10 verbose stack     at ChildProcess.<anonymous> (C:\Program Files (x86)\nodejs\node_modules\npm\lib\utils\spawn.js:14:12)
10 verbose stack     at ChildProcess.emit (events.js:110:17)
10 verbose stack     at maybeClose (child_process.js:1008:16)
10 verbose stack     at Process.ChildProcess._handle.onexit (child_process.js:1080:5)
11 verbose pkgid es6-library-minimal@0.1.2
12 verbose cwd C:\Users\user\Code\Private\JS\es6-library-minimal
13 error Windows_NT 6.3.9600
14 error argv "C:\\Program Files (x86)\\nodejs\\\\node.exe" "C:\\Program Files (x86)\\nodejs\\node_modules\\npm\\bin\\npm-cli.js" "run" "build"
15 error node v0.12.0
16 error npm  v2.5.1
17 error code ELIFECYCLE
18 error es6-library-minimal@0.1.2 build: `gulp build`
18 error Exit status 1
19 error Failed at the es6-library-minimal@0.1.2 build script 'gulp build'.
19 error This is most likely a problem with the es6-library-minimal package,
19 error not with npm itself.
19 error Tell the author that this fails on your system:
19 error     gulp build
19 error You can get their info via:
19 error     npm owner ls es6-library-minimal
19 error There is likely additional logging output above.
20 verbose exit [ 1, true ]
